==============================================================================
Registration                                                                  
==============================================================================
Registration Test                                                       
  Traceback (most recent call last):
    ~~~~~~~~~~~~~~~~~~~~~~~~~~~~~~~~~~~~~~~~~~~~~~~~~~~~~~~~~~~~~~~~~~~~~~~~~~
    File  C:\Users\User\PycharmProjects\TestAutomation\TestCases\Registration.robot:10
    T:  Registration Test    
    ~~~~~~~~~~~~~~~~~~~~~~~~~~~~~~~~~~~~~~~~~~~~~~~~~~~~~~~~~~~~~~~~~~~~~~~~~~
    File  C:\Users\User\PycharmProjects\TestAutomation\TestCases\Registration.robot:12
      Open My Browser    ${SiteUrl}    ${Browser}
      |  ${SiteUrl} = https://www.way2automation.com/way2auto_jquery/registration.php#load_box (str)
      |  ${Browser} = chrome (str)
    ~~~~~~~~~~~~~~~~~~~~~~~~~~~~~~~~~~~~~~~~~~~~~~~~~~~~~~~~~~~~~~~~~~~~~~~~~~
    File  C:\Users\User\PycharmProjects\TestAutomation\Resoures\RegistrationKeywords.robot:9
      Open Browser    ${SiteUrl}    ${Browser}
      |  ${SiteUrl} = https://www.way2automation.com/way2auto_jquery/registration.php#load_box (str)
      |  ${Browser} = chrome (str)
______________________________________________________________________________
| FAIL |
SessionNotCreatedException: Message: session not created: This version of ChromeDriver only supports Chrome version 114
Current browser version is 116.0.5845.141 with binary path C:\Program Files\Google\Chrome\Application\chrome.exe
Stacktrace:
Backtrace:
	GetHandleVerifier [0x0102A813+48355]
	(No symbol) [0x00FBC4B1]
	(No symbol) [0x00EC5358]
	(No symbol) [0x00EE61AC]
	(No symbol) [0x00EE1EF3]
	(No symbol) [0x00EE0579]
	(No symbol) [0x00F10C55]
	(No symbol) [0x00F1093C]
	(No symbol) [0x00F0A536]
	(No symbol) [0x00EE82DC]
	(No symbol) [0x00EE93DD]
	GetHandleVerifier [0x0128AABD+2539405]
	GetHandleVerifier [0x012CA78F+2800735]
	GetHandleVerifier [0x012C456C+2775612]
	GetHandleVerifier [0x010B51E0+616112]
	(No symbol) [0x00FC5F8C]
	(No symbol) [0x00FC2328]
	(No symbol) [0x00FC240B]
	(No symbol) [0x00FB4FF7]
	BaseThreadInitThunk [0x75A07BA9+25]
	RtlInitializeExceptionChain [0x779FB79B+107]
	RtlClearBits [0x779FB71F+191]
------------------------------------------------------------------------------
Registration                                                          | FAIL |
1 test, 0 passed, 1 failed
==============================================================================
Output:  C:\Users\User\PycharmProjects\TestAutomation\pabot_results\0\output.xml
