==============================================================================
Suites                                                                        
==============================================================================
Suites.ResetPassword Verify DifferentPassword                                 
==============================================================================
Verify Reset Password Using Different Password                          
  Traceback (most recent call last):
    ~~~~~~~~~~~~~~~~~~~~~~~~~~~~~~~~~~~~~~~~~~~~~~~~~~~~~~~~~~~~~~~~~~~~~~~~~~
    File  C:\Users\User\PycharmProjects\TestAutomation\CMS1\ResetPassword_Verify_DifferentPassword.robot:10
    T:  Verify Reset Password Using Different Password    
    ~~~~~~~~~~~~~~~~~~~~~~~~~~~~~~~~~~~~~~~~~~~~~~~~~~~~~~~~~~~~~~~~~~~~~~~~~~
    File  C:\Users\User\PycharmProjects\TestAutomation\CMS1\ResetPassword_Verify_DifferentPassword.robot:0
      Reset Password Using Different Password    1234567    12345678
    ~~~~~~~~~~~~~~~~~~~~~~~~~~~~~~~~~~~~~~~~~~~~~~~~~~~~~~~~~~~~~~~~~~~~~~~~~~
    File  C:\Users\User\PycharmProjects\TestAutomation\CMS1\ResetPassword_Verify_DifferentPassword.robot:17
      Page Should Contain    Forgot Password
______________________________________________________________________________
| FAIL |
Page should have contained text 'Forgot Password' but did not.
------------------------------------------------------------------------------
Suites.ResetPassword Verify DifferentPassword                         | FAIL |
1 test, 0 passed, 1 failed
==============================================================================
Suites                                                                | FAIL |
1 test, 0 passed, 1 failed
==============================================================================
Output:  C:\Users\User\PycharmProjects\TestAutomation\pabot_results\17\output.xml
