==============================================================================
Suites                                                                        
==============================================================================
Suites.Invalid Input                                                          
==============================================================================
Invalid Input Login Test                                              | PASS |
------------------------------------------------------------------------------
Invalid Input Login Test                                              | PASS |
------------------------------------------------------------------------------
Invalid Input Login Test                                              | PASS |
------------------------------------------------------------------------------
Invalid Input Login Test                                              | PASS |
------------------------------------------------------------------------------
Suites.Invalid Input                                                  | PASS |
4 tests, 4 passed, 0 failed
==============================================================================
Suites                                                                | PASS |
4 tests, 4 passed, 0 failed
==============================================================================
Output:  C:\Users\User\PycharmProjects\TestAutomation\pabot_results\5\output.xml
