==============================================================================
Suites                                                                        
==============================================================================
Suites.People Section Verify                                                  
==============================================================================
Verify Search Box                                                     | PASS |
------------------------------------------------------------------------------
Verify Check Box                                                      | PASS |
------------------------------------------------------------------------------
Verify Search Box Using CheckBox                                      | PASS |
------------------------------------------------------------------------------
Verify Import And Cancel                                              | PASS |
------------------------------------------------------------------------------
Verify to Upload .Csv File                                            | PASS |
------------------------------------------------------------------------------
Suites.People Section Verify                                          | PASS |
5 tests, 5 passed, 0 failed
==============================================================================
Suites                                                                | PASS |
5 tests, 5 passed, 0 failed
==============================================================================
Output:  C:\Users\User\PycharmProjects\TestAutomation\pabot_results\6\output.xml
