==============================================================================
Suites                                                                        
==============================================================================
Suites.Staff Section Verify                                                   
==============================================================================
Verify Search Box                                                     | PASS |
------------------------------------------------------------------------------
Verify Check Box                                                      | PASS |
------------------------------------------------------------------------------
Verify Add Staff and Cancel                                           | PASS |
------------------------------------------------------------------------------
Veriry to save Staff without input                                    | PASS |
------------------------------------------------------------------------------
Suites.Staff Section Verify                                           | PASS |
4 tests, 4 passed, 0 failed
==============================================================================
Suites                                                                | PASS |
4 tests, 4 passed, 0 failed
==============================================================================
Output:  C:\Users\User\PycharmProjects\TestAutomation\pabot_results\8\output.xml
