==============================================================================
Suites                                                                        
==============================================================================
Suites.Report Section Verify                                                  
==============================================================================
Verify Search Box                                                     | PASS |
------------------------------------------------------------------------------
Verfiy Dropdown Select Report Days                                    | PASS |
------------------------------------------------------------------------------
Verfiy Number Of Users                                                | PASS |
------------------------------------------------------------------------------
Verify Performance Metrics                                            | PASS |
------------------------------------------------------------------------------
Suites.Report Section Verify                                          | PASS |
4 tests, 4 passed, 0 failed
==============================================================================
Suites                                                                | PASS |
4 tests, 4 passed, 0 failed
==============================================================================
Output:  C:\Users\User\PycharmProjects\TestAutomation\pabot_results\7\output.xml
